# SEGGER J-Link RTT Viewer V8.18 Terminal Log File
# Compiled: 14:45:04 on Mar  5 2025
# Logging started @ 21 Nov 2025 12:37:44
00> 152,69
00> 147,67
00> 148,67
00> 150,68
00> 148,67
00> 147,67
00> 144,65
00> 125,55
00> 110,48
00> 104,45
00> 100,43
00> 95,40
00> 93,40
00> 93,40
00> 91,39
00> 92,39
00> 88,37
00> 90,38
00> 87,37
00> 90,38
00> 89,38
00> 89,38
00> 87,37
00> 89,38
00> 88,37
00> 87,37
00> 88,37
00> 87,37
00> 86,36
00> 88,37
00> 88,37
00> 90,38
00> 91,39
00> 90,38
00> 91,39
00> 91,39
00> 92,39
00> 91,39
00> 94,40
00> 92,39
00> 92,39
00> 93,40
00> 93,40
00> 93,40
00> 91,39
00> 93,40
00> 93,40
00> 95,40
00> 96,41
00> 100,43
00> 104,45
00> 102,44
00> 97,41
00> 106,46
00> 140,63
00> 167,78
00> 196,94
00> 239,121
00> 246,126
00> 244,125
00> 241,123
00> 272,144
00> 529,428
00> 496,376
00> 469,338
00> 444,306
00> 412,269
00> 394,250
00> 373,229
00> 363,220
00> 352,209
00> 511,399
00> 516,407
00> 493,372
00> 462,329
00> 433,293
00> 403,260
00> 379,235
00> 349,207
00> 344,202
00> 374,230
00> 513,402
00> 516,407
00> 491,369
00> 452,316
00> 425,284
00> 394,250
00> 374,230
00> 356,213
00> 367,223
00> 509,396
00> 502,385
00> 381,237
00> 352,209
00> 329,189
00> 307,171
00> 288,156
00> 273,145
00> 512,400
00> 489,366
00> 432,292
00> 401,257
00> 373,229
00> 344,202
00> 321,182
00> 300,165
00> 414,271
00> 479,352
00> 421,279
00> 390,246
00> 359,216
00> 329,189
00> 308,172
00> 346,204
00> 279,150
00> 398,254
00> 364,220
00> 335,194
00> 312,175
00> 290,158
00> 268,141
00> 243,124
00> 310,173
00> 369,225
00> 339,198
00> 310,173
00> 281,151
00> 253,131
00> 219,108
00> 138,62
00> 312,175
00> 291,159
00> 265,139
00> 241,123
00> 222,110
00> 195,94
00> 121,53
00> 320,182
00> 294,161
00> 267,141
00> 240,122
00> 213,105
00> -66,-24
00> 338,197
00> 323,184
00> 283,152
00> 271,144
00> 264,139
00> 233,117
00> -61,-22
00> 336,195
00> 312,175
00> 229,115
00> 42,17
00> 260,136
00> 238,121
00> 48,19
00> 280,150
00> 251,130
00> 17,6
00> 270,143
00> 244,125
00> -47,-17
00> 287,155
00> 255,132
00> 18,7
00> 271,144
00> 236,119
00> 182,86
00> -41,-15
00> 327,187
00> -39,-14
00> 227,114
00> 7,2
00> -14,-5
00> 245,125
00> -38,-14
00> 211,103
00> -40,-15
00> 232,117
00> -44,-16
00> 312,175
00> -38,-14
00> 229,115
00> -35,-13
00> 262,137
00> -26,-9
00> -45,-16
00> 259,135
00> -36,-13
00> 326,187
00> -36,-13
00> 280,150
00> -36,-13
00> 206,100
00> -35,-13
00> 206,100
00> -31,-11
00> 335,194
00> 9,3
00> -20,-7
00> 314,177
00> -26,-9
00> 414,271
00> -26,-9
00> 221,110
00> -20,-7
00> 286,155
00> 19,7
00> 298,164
00> 320,182
00> 0,0
00> 249,128
00> -35,-13
00> 343,201
00> 326,187
00> 313,176
00> 297,163
00> 277,148
00> 118,52
00> 300,165
00> 283,152
00> 257,134
00> 236,119
00> 223,111
00> 203,99
00> 188,90
00> 173,81
00> 159,73
00> 147,67
00> 146,66
00> 139,62
00> 130,58
00> 123,54
00> 116,51
00> 114,50
00> 107,46
00> 103,44
00> 100,43
00> 98,42
00> 96,41
00> 93,40
00> 91,39
00> 92,39
00> 92,39
00> 92,39
00> 98,42
00> 99,42
00> 96,41
00> 97,41
00> 98,42
00> 97,41
00> 98,42
00> 100,43
00> 101,43

# Logging stopped @ 21 Nov 2025 12:38:06
